<?xml version="1.0" encoding="UTF-8" ?>

<testsuite failures="0" time="0" errors="0" skipped="0" tests="1" name="GetCollectionInterfaceTest">
  <testcase classname="GetCollectionInterfaceTest" name="test" time="0">
      </testcase>
</testsuite>
