<?xml version="1.0" encoding="UTF-8" ?>

<testsuite failures="0" time="0.029" errors="0" skipped="0" tests="3" name="LifeCycleEventHanlderTest">
  <testcase classname="LifeCycleEventHanlderTest" name="testGlobalEventHandler" time="0.022">
      </testcase>
  <testcase classname="LifeCycleEventHanlderTest" name="testModelEventHandler" time="0.004">
      </testcase>
  <testcase classname="LifeCycleEventHanlderTest" name="testWatchBy" time="0.003">
      </testcase>
</testsuite>
