<?xml version="1.0" encoding="UTF-8" ?>

<testsuite failures="0" time="0.002" errors="0" skipped="0" tests="1" name="PureMorphiaModelTest">
  <testcase classname="PureMorphiaModelTest" name="test" time="0.002">
      </testcase>
</testsuite>
