<?xml version="1.0" encoding="UTF-8" ?>

<testsuite failures="0" time="0.032" errors="0" skipped="0" tests="2" name="QueryTest">
  <testcase classname="QueryTest" name="testFind" time="0.03">
      </testcase>
  <testcase classname="QueryTest" name="testFindNull" time="0.002">
      </testcase>
</testsuite>
