<?xml version="1.0" encoding="UTF-8" ?>

<testsuite failures="0" time="0.022" errors="0" skipped="0" tests="1" name="Bug44">
  <testcase classname="Bug44" name="test" time="0.022">
      </testcase>
</testsuite>
