<?xml version="1.0" encoding="UTF-8" ?>

<testsuite failures="0" time="0.092" errors="0" skipped="0" tests="1" name="SeqTest">
  <testcase classname="SeqTest" name="test" time="0.092">
      </testcase>
</testsuite>
