<?xml version="1.0" encoding="UTF-8" ?>

<testsuite failures="0" time="0.098" errors="0" skipped="0" tests="6" name="LifeCycleTest">
  <testcase classname="LifeCycleTest" name="testLifeCycle" time="0.055">
      </testcase>
  <testcase classname="LifeCycleTest" name="testBatchDelete" time="0.003">
      </testcase>
  <testcase classname="LifeCycleTest" name="testExceptionsinLifeCycleMethods" time="0.007">
      </testcase>
  <testcase classname="LifeCycleTest" name="testExceptionsinBatchLifeCycleMethods" time="0.006">
      </testcase>
  <testcase classname="LifeCycleTest" name="testInheritedLifeCycle" time="0.023">
      </testcase>
  <testcase classname="LifeCycleTest" name="testInheritedBatchDelete" time="0.004">
      </testcase>
</testsuite>
